STEP,IT,ERRE,ERRS,SVM,AVG_NR_IT
1,1,3.6485E-05,2.5243E+00,2.5156E+00,5.4004E-01
1,2,7.2278E-05,6.5070E+00,1.4401E+00,5.4004E-01
1,3,6.1332E-05,1.0426E+01,4.1433E-01,5.4004E-01
1,4,3.5647E-05,5.4706E+00,4.3990E-01,5.4004E-01
1,5,1.9315E-05,4.2299E+00,7.7140E-01,5.4004E-01
1,6,1.1742E-05,2.7061E+00,7.5954E-01,5.4004E-01
1,7,1.1169E-05,1.6239E+00,5.4043E-01,5.4004E-01
1,8,1.3342E-05,3.9612E+00,2.9641E-01,5.4004E-01
1,9,1.2097E-05,5.5647E+00,2.1109E-01,5.4004E-01
1,10,8.1104E-06,2.7769E+00,2.6670E-01,5.4004E-01
1,11,5.2340E-06,1.9234E+00,3.1680E-01,5.4004E-01
1,12,3.9567E-06,1.4061E+00,3.4247E-01,5.4004E-01
1,13,3.2121E-06,8.4297E-01,3.3978E-01,5.4004E-01
1,14,2.7056E-06,9.8875E-01,3.0067E-01,5.4004E-01
1,15,2.2908E-06,1.3919E+00,2.2936E-01,5.4004E-01
1,16,1.8258E-06,1.3830E+00,1.4486E-01,5.4004E-01
1,17,1.3751E-06,1.6835E+00,7.1784E-02,5.4004E-01
1,18,1.0035E-06,4.2515E+00,2.7432E-02,5.4004E-01
1,19,7.6503E-07,5.2339E+00,1.7559E-02,5.4004E-01
1,20,6.6430E-07,1.4655E+00,4.3756E-02,5.4004E-01
1,21,5.7480E-07,7.3561E-01,7.8973E-02,5.4004E-01
1,22,4.3588E-07,4.2634E-01,1.0668E-01,5.4004E-01
1,23,3.2349E-07,2.5009E-01,1.1978E-01,5.4004E-01
1,24,2.6215E-07,2.1245E-01,1.2033E-01,5.4004E-01
1,25,2.0878E-07,1.8768E-01,1.1443E-01,5.4004E-01
1,26,1.5985E-07,1.4449E-01,1.0656E-01,5.4004E-01
1,27,1.2735E-07,1.3543E-01,9.8309E-02,5.4004E-01
1,28,1.0156E-07,1.2300E-01,9.0220E-02,5.4004E-01
1,29,7.9566E-08,8.7448E-02,8.2818E-02,5.4004E-01
1,30,6.4546E-08,7.4926E-02,7.6877E-02,5.4004E-01
1,31,5.1551E-08,7.2833E-02,7.3531E-02,5.4004E-01
1,32,3.9480E-08,5.3023E-02,7.3591E-02,5.4004E-01
1,33,3.1306E-08,3.8690E-02,7.6465E-02,5.4004E-01
1,34,2.5037E-08,3.3478E-02,8.0202E-02,5.4004E-01
1,35,1.9456E-08,2.4211E-02,8.2740E-02,5.4004E-01
1,36,1.6031E-08,1.7315E-02,8.3072E-02,5.4004E-01
1,37,1.3340E-08,1.5698E-02,8.1531E-02,5.4004E-01
1,38,1.0015E-08,1.2446E-02,7.9218E-02,5.4004E-01
1,39,7.6356E-09,9.1119E-03,7.7114E-02,5.4004E-01
1,40,6.5325E-09,8.7303E-03,7.5581E-02,5.4004E-01
1,41,5.3924E-09,7.4634E-03,7.4461E-02,5.4004E-01
1,42,4.2677E-09,5.0123E-03,7.3481E-02,5.4004E-01
1,43,3.6056E-09,4.1556E-03,7.2543E-02,5.4004E-01
1,44,2.9736E-09,3.7562E-03,7.1754E-02,5.4004E-01
1,45,2.2935E-09,2.7761E-03,7.1255E-02,5.4004E-01
1,46,1.8935E-09,2.4033E-03,7.1030E-02,5.4004E-01
1,47,1.6357E-09,2.3324E-03,7.0888E-02,5.4004E-01
1,48,1.3462E-09,1.7619E-03,7.0602E-02,5.4004E-01
1,49,1.1539E-09,1.3112E-03,7.0077E-02,5.4004E-01
1,50,1.0431E-09,1.2279E-03,6.9398E-02,5.4004E-01
2,1,2.6620E-05,2.3130E+00,7.5660E-01,5.4004E-01
2,2,8.7300E-06,4.0031E-01,1.1447E+00,5.4004E-01
2,3,2.0816E-06,2.6317E-01,1.2211E+00,5.4004E-01
2,4,4.0210E-06,4.9535E-01,1.0568E+00,5.4004E-01
2,5,6.7572E-06,5.5427E-01,7.6671E-01,5.4004E-01
2,6,6.9960E-06,7.5591E-01,4.6464E-01,5.4004E-01
2,7,5.2109E-06,1.5619E+00,2.2908E-01,5.4004E-01
2,8,2.9992E-06,2.9618E+00,8.6776E-02,5.4004E-01
2,9,1.7277E-06,7.4729E+00,1.8641E-02,5.4004E-01
2,10,1.5052E-06,2.1717E+00,4.9222E-02,5.4004E-01
2,11,1.5468E-06,9.7811E-01,1.0422E-01,5.4004E-01
2,12,1.3742E-06,5.8627E-01,1.5763E-01,5.4004E-01
2,13,1.0549E-06,4.1212E-01,2.0415E-01,5.4004E-01
2,14,7.5101E-07,2.6317E-01,2.4033E-01,5.4004E-01
2,15,5.3404E-07,1.5047E-01,2.6173E-01,5.4004E-01
2,16,4.1345E-07,1.2363E-01,2.6481E-01,5.4004E-01
2,17,3.5418E-07,1.2975E-01,2.5014E-01,5.4004E-01
2,18,3.1103E-07,1.1471E-01,2.2343E-01,5.4004E-01
2,19,2.5854E-07,9.4817E-02,1.9346E-01,5.4004E-01
2,20,1.9648E-07,8.5617E-02,1.6857E-01,5.4004E-01
2,21,1.4393E-07,7.2562E-02,1.5372E-01,5.4004E-01
2,22,1.1342E-07,5.8458E-02,1.4938E-01,5.4004E-01
2,23,9.5702E-08,4.9414E-02,1.5224E-01,5.4004E-01
2,24,7.9159E-08,3.8775E-02,1.5765E-01,5.4004E-01
2,25,6.3737E-08,2.8743E-02,1.6212E-01,5.4004E-01
2,26,5.1344E-08,2.3064E-02,1.6421E-01,5.4004E-01
2,27,4.0913E-08,1.8829E-02,1.6403E-01,5.4004E-01
2,28,3.2346E-08,1.5267E-02,1.6215E-01,5.4004E-01
2,29,2.5971E-08,1.3260E-02,1.5898E-01,5.4004E-01
2,30,2.1109E-08,1.1093E-02,1.5487E-01,5.4004E-01
2,31,1.7348E-08,8.4212E-03,1.5030E-01,5.4004E-01
2,32,1.4466E-08,6.8026E-03,1.4593E-01,5.4004E-01
2,33,1.1966E-08,5.9989E-03,1.4247E-01,5.4004E-01
2,34,9.7737E-09,5.1375E-03,1.4032E-01,5.4004E-01
2,35,8.0762E-09,4.4418E-03,1.3936E-01,5.4004E-01
2,36,6.7681E-09,3.8721E-03,1.3910E-01,5.4004E-01
2,37,5.7660E-09,3.1592E-03,1.3892E-01,5.4004E-01
2,38,5.0636E-09,2.5737E-03,1.3839E-01,5.4004E-01
2,39,4.4541E-09,2.2368E-03,1.3742E-01,5.4004E-01
2,40,3.8039E-09,1.9509E-03,1.3617E-01,5.4004E-01
2,41,3.2430E-09,1.7288E-03,1.3480E-01,5.4004E-01
2,42,2.8508E-09,1.6036E-03,1.3345E-01,5.4004E-01
2,43,2.5599E-09,1.4434E-03,1.3214E-01,5.4004E-01
2,44,2.3306E-09,1.2472E-03,1.3085E-01,5.4004E-01
2,45,2.1434E-09,1.1134E-03,1.2963E-01,5.4004E-01
2,46,1.9551E-09,1.0282E-03,1.2852E-01,5.4004E-01
2,47,1.7671E-09,9.5792E-04,1.2755E-01,5.4004E-01
2,48,1.6130E-09,9.1275E-04,1.2671E-01,5.4004E-01
2,49,1.4945E-09,8.6724E-04,1.2595E-01,5.4004E-01
2,50,1.3987E-09,7.9762E-04,1.2520E-01,5.4004E-01
3,1,1.3335E-05,2.1479E+00,8.1236E-01,5.4004E-01
3,2,4.3676E-06,3.8106E-01,1.2003E+00,5.4004E-01
3,3,1.0362E-06,2.5052E-01,1.2763E+00,5.4004E-01
3,4,2.0110E-06,4.6903E-01,1.1115E+00,5.4004E-01
3,5,3.3840E-06,5.1680E-01,8.2085E-01,5.4004E-01
3,6,3.5036E-06,6.7738E-01,5.1771E-01,5.4004E-01
3,7,2.6093E-06,1.2780E+00,2.7938E-01,5.4004E-01
3,8,1.5019E-06,1.9472E+00,1.3186E-01,5.4004E-01
3,9,8.6507E-07,2.0346E+00,6.8389E-02,5.4004E-01
3,10,7.5379E-07,1.1632E+00,9.1616E-02,5.4004E-01
3,11,7.7505E-07,6.8324E-01,1.4898E-01,5.4004E-01
3,12,6.8871E-07,4.4746E-01,2.0638E-01,5.4004E-01
3,13,5.2876E-07,3.2892E-01,2.5539E-01,5.4004E-01
3,14,3.7669E-07,2.1622E-01,2.9251E-01,5.4004E-01
3,15,2.6804E-07,1.2577E-01,3.1391E-01,5.4004E-01
3,16,2.0756E-07,1.0344E-01,3.1661E-01,5.4004E-01
3,17,1.7792E-07,1.0760E-01,3.0152E-01,5.4004E-01
3,18,1.5636E-07,9.3531E-02,2.7447E-01,5.4004E-01
3,19,1.3003E-07,7.5249E-02,2.4427E-01,5.4004E-01
3,20,9.8928E-08,6.5986E-02,2.1929E-01,5.4004E-01
3,21,7.2608E-08,5.4919E-02,2.0444E-01,5.4004E-01
3,22,5.7285E-08,4.4034E-02,2.0004E-01,5.4004E-01
3,23,4.8387E-08,3.7398E-02,2.0274E-01,5.4004E-01
3,24,4.0124E-08,2.9683E-02,2.0795E-01,5.4004E-01
3,25,3.2401E-08,2.2221E-02,2.1222E-01,5.4004E-01
3,26,2.6167E-08,1.7911E-02,2.1413E-01,5.4004E-01
3,27,2.0918E-08,1.4707E-02,2.1377E-01,5.4004E-01
3,28,1.6602E-08,1.1996E-02,2.1168E-01,5.4004E-01
3,29,1.3387E-08,1.0408E-02,2.0833E-01,5.4004E-01
3,30,1.0949E-08,8.6899E-03,2.0406E-01,5.4004E-01
3,31,9.0693E-09,6.6091E-03,1.9932E-01,5.4004E-01
3,32,7.6192E-09,5.3356E-03,1.9480E-01,5.4004E-01
3,33,6.3522E-09,4.7056E-03,1.9118E-01,5.4004E-01
3,34,5.2369E-09,4.0696E-03,1.8885E-01,5.4004E-01
3,35,4.3692E-09,3.5586E-03,1.8773E-01,5.4004E-01
3,36,3.7030E-09,3.1286E-03,1.8730E-01,5.4004E-01
3,37,3.1973E-09,2.5867E-03,1.8695E-01,5.4004E-01
3,38,2.8422E-09,2.1359E-03,1.8626E-01,5.4004E-01
3,39,2.5299E-09,1.8725E-03,1.8514E-01,5.4004E-01
3,40,2.1943E-09,1.6572E-03,1.8372E-01,5.4004E-01
3,41,1.9023E-09,1.4943E-03,1.8221E-01,5.4004E-01
3,42,1.6962E-09,1.3995E-03,1.8070E-01,5.4004E-01
3,43,1.5439E-09,1.2739E-03,1.7923E-01,5.4004E-01
3,44,1.4245E-09,1.1196E-03,1.7781E-01,5.4004E-01
3,45,1.3257E-09,1.0120E-03,1.7644E-01,5.4004E-01
3,46,1.2249E-09,9.4420E-04,1.7519E-01,5.4004E-01
3,47,1.1233E-09,8.9137E-04,1.7408E-01,5.4004E-01
3,48,1.0387E-09,8.5729E-04,1.7310E-01,5.4004E-01
3,49,9.7321E-10,8.2065E-04,1.7219E-01,5.4004E-01
3,50,9.2053E-10,7.6412E-04,1.7130E-01,5.4004E-01
4,1,8.9035E-06,2.0316E+00,8.5837E-01,5.4004E-01
4,2,2.9146E-06,3.6663E-01,1.2462E+00,5.4004E-01
4,3,6.9003E-07,2.4143E-01,1.3220E+00,5.4004E-01
4,4,1.3416E-06,4.5006E-01,1.1571E+00,5.4004E-01
4,5,2.2591E-06,4.8944E-01,8.6606E-01,5.4004E-01
4,6,2.3392E-06,6.2341E-01,5.6217E-01,5.4004E-01
4,7,1.7422E-06,1.1072E+00,3.2230E-01,5.4004E-01
4,8,1.0027E-06,1.4801E+00,1.7341E-01,5.4004E-01
4,9,5.7746E-07,1.2325E+00,1.1287E-01,5.4004E-01
4,10,5.0320E-07,7.9775E-01,1.3353E-01,5.4004E-01
4,11,5.1754E-07,5.3524E-01,1.9010E-01,5.4004E-01
4,12,4.5999E-07,3.7102E-01,2.4884E-01,5.4004E-01
4,13,3.5320E-07,2.8085E-01,2.9903E-01,5.4004E-01
4,14,2.5164E-07,1.8789E-01,3.3666E-01,5.4004E-01
4,15,1.7908E-07,1.1037E-01,3.5806E-01,5.4004E-01
4,16,1.3871E-07,9.0939E-02,3.6055E-01,5.4004E-01
4,17,1.1895E-07,9.4053E-02,3.4522E-01,5.4004E-01
4,18,1.0458E-07,8.0802E-02,3.1797E-01,5.4004E-01
4,19,8.7012E-08,6.3968E-02,2.8766E-01,5.4004E-01
4,20,6.6239E-08,5.5186E-02,2.6263E-01,5.4004E-01
4,21,4.8649E-08,4.5452E-02,2.4778E-01,5.4004E-01
4,22,3.8407E-08,3.6367E-02,2.4335E-01,5.4004E-01
4,23,3.2466E-08,3.0987E-02,2.4597E-01,5.4004E-01
4,24,2.6958E-08,2.4722E-02,2.5108E-01,5.4004E-01
4,25,2.1807E-08,1.8594E-02,2.5524E-01,5.4004E-01
4,26,1.7642E-08,1.5035E-02,2.5703E-01,5.4004E-01
4,27,1.4129E-08,1.2381E-02,2.5655E-01,5.4004E-01
4,28,1.1237E-08,1.0128E-02,2.5435E-01,5.4004E-01
4,29,9.0850E-09,8.7934E-03,2.5088E-01,5.4004E-01
4,30,7.4574E-09,7.3357E-03,2.4651E-01,5.4004E-01
4,31,6.2053E-09,5.5800E-03,2.4167E-01,5.4004E-01
4,32,5.2378E-09,4.5045E-03,2.3705E-01,5.4004E-01
4,33,4.3883E-09,3.9763E-03,2.3333E-01,5.4004E-01
4,34,3.6374E-09,3.4573E-03,2.3090E-01,5.4004E-01
4,35,3.0522E-09,3.0440E-03,2.2968E-01,5.4004E-01
4,36,2.6042E-09,2.6916E-03,2.2915E-01,5.4004E-01
4,37,2.2660E-09,2.2416E-03,2.2869E-01,5.4004E-01
4,38,2.0288E-09,1.8642E-03,2.2790E-01,5.4004E-01
4,39,1.8188E-09,1.6432E-03,2.2668E-01,5.4004E-01
4,40,1.5916E-09,1.4665E-03,2.2516E-01,5.4004E-01
4,41,1.3927E-09,1.3351E-03,2.2355E-01,5.4004E-01
4,42,1.2517E-09,1.2578E-03,2.2194E-01,5.4004E-01
4,43,1.1480E-09,1.1526E-03,2.2038E-01,5.4004E-01
4,44,1.0670E-09,1.0221E-03,2.1886E-01,5.4004E-01
4,45,9.9975E-10,9.3018E-04,2.1740E-01,5.4004E-01
4,46,9.3044E-10,8.7287E-04,2.1606E-01,5.4004E-01
4,47,8.5993E-10,8.2978E-04,2.1485E-01,5.4004E-01
4,48,8.0083E-10,8.0218E-04,2.1378E-01,5.4004E-01
4,49,7.5497E-10,7.7127E-04,2.1279E-01,5.4004E-01
4,50,7.1827E-10,7.2283E-04,2.1180E-01,5.4004E-01
5,1,6.6846E-06,1.9394E+00,8.9881E-01,5.4004E-01
5,2,2.1875E-06,3.5488E-01,1.2865E+00,5.4004E-01
5,3,5.1718E-07,2.3403E-01,1.3623E+00,5.4004E-01
5,4,1.0068E-06,4.3468E-01,1.1972E+00,5.4004E-01
5,5,1.6960E-06,4.6766E-01,9.0592E-01,5.4004E-01
5,6,1.7563E-06,5.8241E-01,6.0150E-01,5.4004E-01
5,7,1.3080E-06,9.8919E-01,3.6063E-01,5.4004E-01
5,8,7.5279E-07,1.2144E+00,2.1131E-01,5.4004E-01
5,9,4.3348E-07,9.1257E-01,1.5242E-01,5.4004E-01
5,10,3.7776E-07,6.1968E-01,1.7185E-01,5.4004E-01
5,11,3.8859E-07,4.4686E-01,2.2765E-01,5.4004E-01
5,12,3.4543E-07,3.2163E-01,2.8700E-01,5.4004E-01
5,13,2.6526E-07,2.4851E-01,3.3790E-01,5.4004E-01
5,14,1.8899E-07,1.6831E-01,3.7584E-01,5.4004E-01
5,15,1.3451E-07,9.9545E-02,3.9724E-01,5.4004E-01
5,16,1.0420E-07,8.2121E-02,3.9957E-01,5.4004E-01
5,17,8.9380E-08,8.4585E-02,3.8408E-01,5.4004E-01
5,18,7.8613E-08,7.2067E-02,3.5671E-01,5.4004E-01
5,19,6.5426E-08,5.6427E-02,3.2631E-01,5.4004E-01
5,20,4.9826E-08,4.8160E-02,3.0126E-01,5.4004E-01
5,21,3.6611E-08,3.9402E-02,2.8641E-01,5.4004E-01
5,22,2.8916E-08,3.1487E-02,2.8196E-01,5.4004E-01
5,23,2.4456E-08,2.6884E-02,2.8453E-01,5.4004E-01
5,24,2.0325E-08,2.1519E-02,2.8956E-01,5.4004E-01
5,25,1.6462E-08,1.6232E-02,2.9364E-01,5.4004E-01
5,26,1.3334E-08,1.3152E-02,2.9535E-01,5.4004E-01
5,27,1.0691E-08,1.0852E-02,2.9478E-01,5.4004E-01
5,28,8.5153E-09,8.8959E-03,2.9249E-01,5.4004E-01
5,29,6.8969E-09,7.7274E-03,2.8896E-01,5.4004E-01
5,30,5.6757E-09,6.4438E-03,2.8451E-01,5.4004E-01
5,31,4.7378E-09,4.9024E-03,2.7960E-01,5.4004E-01
5,32,4.0123E-09,3.9578E-03,2.7491E-01,5.4004E-01
5,33,3.3731E-09,3.4964E-03,2.7111E-01,5.4004E-01
5,34,2.8063E-09,3.0517E-03,2.6862E-01,5.4004E-01
5,35,2.3640E-09,2.6997E-03,2.6732E-01,5.4004E-01
5,36,2.0263E-09,2.3966E-03,2.6671E-01,5.4004E-01
5,37,1.7724E-09,2.0057E-03,2.6619E-01,5.4004E-01
5,38,1.5946E-09,1.6760E-03,2.6532E-01,5.4004E-01
5,39,1.4366E-09,1.4828E-03,2.6403E-01,5.4004E-01
5,40,1.2645E-09,1.3309E-03,2.6244E-01,5.4004E-01
5,41,1.1133E-09,1.2194E-03,2.6075E-01,5.4004E-01
5,42,1.0059E-09,1.1535E-03,2.5908E-01,5.4004E-01
5,43,9.2713E-10,1.0616E-03,2.5745E-01,5.4004E-01
5,44,8.6597E-10,9.4695E-04,2.5586E-01,5.4004E-01
5,45,8.1500E-10,8.6569E-04,2.5433E-01,5.4004E-01
5,46,7.6208E-10,8.1547E-04,2.5291E-01,5.4004E-01
5,47,7.0791E-10,7.7870E-04,2.5164E-01,5.4004E-01
5,48,6.6230E-10,7.5534E-04,2.5051E-01,5.4004E-01
5,49,6.2690E-10,7.2835E-04,2.4944E-01,5.4004E-01
5,50,5.9871E-10,6.8547E-04,2.4839E-01,5.4004E-01
6,1,5.3517E-06,1.8632E+00,9.3535E-01,5.4004E-01
6,2,1.7509E-06,3.4491E-01,1.3230E+00,5.4004E-01
6,3,4.1354E-07,2.2776E-01,1.3987E+00,5.4004E-01
6,4,8.0573E-07,4.2168E-01,1.2335E+00,5.4004E-01
6,5,1.3578E-06,4.4957E-01,9.4201E-01,5.4004E-01
6,6,1.4061E-06,5.4962E-01,6.3717E-01,5.4004E-01
6,7,1.0472E-06,9.0147E-01,3.9562E-01,5.4004E-01
6,8,6.0267E-07,1.0422E+00,2.4618E-01,5.4004E-01
6,9,3.4701E-07,7.3842E-01,1.8834E-01,5.4004E-01
6,10,3.0242E-07,5.1426E-01,2.0705E-01,5.4004E-01
6,11,3.1113E-07,3.8786E-01,2.6223E-01,5.4004E-01
6,12,2.7660E-07,2.8671E-01,3.2192E-01,5.4004E-01
6,13,2.1241E-07,2.2494E-01,3.7328E-01,5.4004E-01
6,14,1.5135E-07,1.5376E-01,4.1145E-01,5.4004E-01
6,15,1.0772E-07,9.1400E-02,4.3284E-01,5.4004E-01
6,16,8.3458E-08,7.5468E-02,4.3506E-01,5.4004E-01
6,17,7.1603E-08,7.7488E-02,4.1944E-01,5.4004E-01
6,18,6.2993E-08,6.5609E-02,3.9197E-01,5.4004E-01
6,19,5.2440E-08,5.0954E-02,3.6152E-01,5.4004E-01
6,20,3.9947E-08,4.3155E-02,3.3645E-01,5.4004E-01
6,21,2.9362E-08,3.5144E-02,3.2160E-01,5.4004E-01
6,22,2.3198E-08,2.8061E-02,3.1713E-01,5.4004E-01
6,23,1.9627E-08,2.3994E-02,3.1966E-01,5.4004E-01
6,24,1.6323E-08,1.9249E-02,3.2463E-01,5.4004E-01
6,25,1.3233E-08,1.4550E-02,3.2865E-01,5.4004E-01
6,26,1.0728E-08,1.1806E-02,3.3030E-01,5.4004E-01
6,27,8.6101E-09,9.7563E-03,3.2967E-01,5.4004E-01
6,28,6.8649E-09,8.0104E-03,3.2731E-01,5.4004E-01
6,29,5.5677E-09,6.9615E-03,3.2371E-01,5.4004E-01
6,30,4.5906E-09,5.8037E-03,3.1921E-01,5.4004E-01
6,31,3.8413E-09,4.4163E-03,3.1426E-01,5.4004E-01
6,32,3.2613E-09,3.5659E-03,3.0951E-01,5.4004E-01
6,33,2.7487E-09,3.1525E-03,3.0566E-01,5.4004E-01
6,34,2.2932E-09,2.7596E-03,3.0310E-01,5.4004E-01
6,35,1.9375E-09,2.4502E-03,3.0175E-01,5.4004E-01
6,36,1.6663E-09,2.1815E-03,3.0108E-01,5.4004E-01
6,37,1.4632E-09,1.8323E-03,3.0050E-01,5.4004E-01
6,38,1.3213E-09,1.5365E-03,2.9958E-01,5.4004E-01
6,39,1.1947E-09,1.3632E-03,2.9823E-01,5.4004E-01
6,40,1.0561E-09,1.2286E-03,2.9658E-01,5.4004E-01
6,41,9.3397E-10,1.1310E-03,2.9484E-01,5.4004E-01
6,42,8.4710E-10,1.0731E-03,2.9311E-01,5.4004E-01
6,43,7.8363E-10,9.9088E-04,2.9143E-01,5.4004E-01
6,44,7.3454E-10,8.8762E-04,2.8978E-01,5.4004E-01
6,45,6.9355E-10,8.1411E-04,2.8820E-01,5.4004E-01
6,46,6.5074E-10,7.6903E-04,2.8674E-01,5.4004E-01
6,47,6.0670E-10,7.3672E-04,2.8541E-01,5.4004E-01
6,48,5.6949E-10,7.1636E-04,2.8422E-01,5.4004E-01
6,49,5.4064E-10,6.9224E-04,2.8310E-01,5.4004E-01
6,50,5.1776E-10,6.5344E-04,2.8200E-01,5.4004E-01
7,1,4.4623E-06,1.7983E+00,9.6892E-01,5.4004E-01
7,2,1.4596E-06,3.3624E-01,1.3565E+00,5.4004E-01
7,3,3.4448E-07,2.2231E-01,1.4321E+00,5.4004E-01
7,4,6.7163E-07,4.1043E-01,1.2669E+00,5.4004E-01
7,5,1.1321E-06,4.3413E-01,9.7522E-01,5.4004E-01
7,6,1.1724E-06,5.2253E-01,6.7003E-01,5.4004E-01
7,7,8.7319E-07,8.3314E-01,4.2798E-01,5.4004E-01
7,8,5.0250E-07,9.2098E-01,2.7854E-01,5.4004E-01
7,9,2.8931E-07,6.2798E-01,2.2144E-01,5.4004E-01
7,10,2.5215E-07,4.4422E-01,2.3966E-01,5.4004E-01
7,11,2.5943E-07,3.4547E-01,2.9437E-01,5.4004E-01
7,12,2.3066E-07,2.6052E-01,3.5425E-01,5.4004E-01
7,13,1.7714E-07,2.0682E-01,4.0595E-01,5.4004E-01
7,14,1.2622E-07,1.4241E-01,4.4429E-01,5.4004E-01
7,15,8.9838E-08,8.4990E-02,4.6566E-01,5.4004E-01
7,16,6.9610E-08,7.0221E-02,4.6779E-01,5.4004E-01
7,17,5.9732E-08,7.1920E-02,4.5207E-01,5.4004E-01
7,18,5.2560E-08,6.0596E-02,4.2453E-01,5.4004E-01
7,19,4.3764E-08,4.6765E-02,3.9404E-01,5.4004E-01
7,20,3.3346E-08,3.9377E-02,3.6896E-01,5.4004E-01
7,21,2.4516E-08,3.1957E-02,3.5410E-01,5.4004E-01
7,22,1.9374E-08,2.5503E-02,3.4962E-01,5.4004E-01
7,23,1.6397E-08,2.1830E-02,3.5211E-01,5.4004E-01
7,24,1.3644E-08,1.7542E-02,3.5704E-01,5.4004E-01
7,25,1.1069E-08,1.3280E-02,3.6101E-01,5.4004E-01
7,26,8.9808E-09,1.0788E-02,3.6261E-01,5.4004E-01
7,27,7.2129E-09,8.9257E-03,3.6192E-01,5.4004E-01
7,28,5.7556E-09,7.3380E-03,3.5952E-01,5.4004E-01
7,29,4.6732E-09,6.3799E-03,3.5587E-01,5.4004E-01
7,30,3.8590E-09,5.3182E-03,3.5132E-01,5.4004E-01
7,31,3.2354E-09,4.0478E-03,3.4632E-01,5.4004E-01
7,32,2.7524E-09,3.2690E-03,3.4153E-01,5.4004E-01
7,33,2.3245E-09,2.8918E-03,3.3763E-01,5.4004E-01
7,34,1.9436E-09,2.5376E-03,3.3503E-01,5.4004E-01
7,35,1.6459E-09,2.2595E-03,3.3363E-01,5.4004E-01
7,36,1.4194E-09,2.0164E-03,3.3292E-01,5.4004E-01
7,37,1.2503E-09,1.6985E-03,3.3229E-01,5.4004E-01
7,38,1.1323E-09,1.4283E-03,3.3133E-01,5.4004E-01
7,39,1.0266E-09,1.2699E-03,3.2993E-01,5.4004E-01
7,40,9.1064E-10,1.1483E-03,3.2824E-01,5.4004E-01
7,41,8.0811E-10,1.0610E-03,3.2645E-01,5.4004E-01
7,42,7.3512E-10,1.0091E-03,3.2467E-01,5.4004E-01
7,43,6.8196E-10,9.3417E-04,3.2295E-01,5.4004E-01
7,44,6.4100E-10,8.3958E-04,3.2126E-01,5.4004E-01
7,45,6.0676E-10,7.7201E-04,3.1964E-01,5.4004E-01
7,46,5.7081E-10,7.3085E-04,3.1813E-01,5.4004E-01
7,47,5.3368E-10,7.0186E-04,3.1676E-01,5.4004E-01
7,48,5.0222E-10,6.8374E-04,3.1552E-01,5.4004E-01
7,49,4.7786E-10,6.6180E-04,3.1436E-01,5.4004E-01
7,50,4.5862E-10,6.2614E-04,3.1321E-01,5.4004E-01
8,1,3.8266E-06,1.7419E+00,1.0001E+00,5.4004E-01
8,2,1.2514E-06,3.2858E-01,1.3876E+00,5.4004E-01
8,3,2.9516E-07,2.1748E-01,1.4632E+00,5.4004E-01
8,4,5.7581E-07,4.0051E-01,1.2979E+00,5.4004E-01
8,5,9.7075E-07,4.2071E-01,1.0061E+00,5.4004E-01
8,6,1.0054E-06,4.9960E-01,7.0062E-01,5.4004E-01
8,7,7.4879E-07,7.7808E-01,4.5819E-01,5.4004E-01
8,8,4.3089E-07,8.3063E-01,3.0880E-01,5.4004E-01
8,9,2.4808E-07,5.5125E-01,2.5224E-01,5.4004E-01
8,10,2.1621E-07,3.9410E-01,2.7011E-01,5.4004E-01
8,11,2.2248E-07,3.1342E-01,3.2444E-01,5.4004E-01
8,12,1.9781E-07,2.4004E-01,3.8445E-01,5.4004E-01
8,13,1.5192E-07,1.9238E-01,4.3640E-01,5.4004E-01
8,14,1.0825E-07,1.3325E-01,4.7487E-01,5.4004E-01
8,15,7.7052E-08,7.9780E-02,4.9623E-01,5.4004E-01
8,16,5.9707E-08,6.5951E-02,4.9828E-01,5.4004E-01
8,17,5.1242E-08,6.7408E-02,4.8248E-01,5.4004E-01
8,18,4.5097E-08,5.6567E-02,4.5488E-01,5.4004E-01
8,19,3.7556E-08,4.3436E-02,4.2436E-01,5.4004E-01
8,20,2.8621E-08,3.6406E-02,3.9926E-01,5.4004E-01
8,21,2.1047E-08,2.9467E-02,3.8440E-01,5.4004E-01
8,22,1.6636E-08,2.3506E-02,3.7990E-01,5.4004E-01
8,23,1.4083E-08,2.0139E-02,3.8236E-01,5.4004E-01
8,24,1.1724E-08,1.6205E-02,3.8726E-01,5.4004E-01
8,25,9.5175E-09,1.2282E-02,3.9119E-01,5.4004E-01
8,26,7.7265E-09,9.9862E-03,3.9275E-01,5.4004E-01
8,27,6.2092E-09,8.2708E-03,3.9201E-01,5.4004E-01
8,28,4.9582E-09,6.8070E-03,3.8957E-01,5.4004E-01
8,29,4.0294E-09,5.9206E-03,3.8588E-01,5.4004E-01
8,30,3.3316E-09,4.9351E-03,3.8129E-01,5.4004E-01
8,31,2.7978E-09,3.7572E-03,3.7626E-01,5.4004E-01
8,32,2.3840E-09,3.0349E-03,3.7143E-01,5.4004E-01
8,33,2.0169E-09,2.6864E-03,3.6749E-01,5.4004E-01
8,34,1.6894E-09,2.3620E-03,3.6486E-01,5.4004E-01
8,35,1.4334E-09,2.1082E-03,3.6342E-01,5.4004E-01
8,36,1.2389E-09,1.8851E-03,3.6267E-01,5.4004E-01
8,37,1.0941E-09,1.5915E-03,3.6200E-01,5.4004E-01
8,38,9.9318E-10,1.3414E-03,3.6100E-01,5.4004E-01
8,39,9.0262E-10,1.1948E-03,3.5956E-01,5.4004E-01
8,40,8.0282E-10,1.0834E-03,3.5783E-01,5.4004E-01
8,41,7.1443E-10,1.0040E-03,3.5600E-01,5.4004E-01
8,42,6.5147E-10,9.5674E-04,3.5419E-01,5.4004E-01
8,43,6.0573E-10,8.8754E-04,3.5243E-01,5.4004E-01
8,44,5.7061E-10,7.9980E-04,3.5070E-01,5.4004E-01
8,45,5.4123E-10,7.3695E-04,3.4905E-01,5.4004E-01
8,46,5.1025E-10,6.9887E-04,3.4750E-01,5.4004E-01
8,47,4.7813E-10,6.7247E-04,3.4609E-01,5.4004E-01
8,48,4.5087E-10,6.5609E-04,3.4482E-01,5.4004E-01
8,49,4.2979E-10,6.3588E-04,3.4362E-01,5.4004E-01
8,50,4.1320E-10,6.0271E-04,3.4244E-01,5.4004E-01
9,1,3.3494E-06,1.6923E+00,1.0293E+00,5.4004E-01
9,2,1.0952E-06,3.2172E-01,1.4168E+00,5.4004E-01
9,3,2.5818E-07,2.1315E-01,1.4924E+00,5.4004E-01
9,4,5.0391E-07,3.9165E-01,1.3269E+00,5.4004E-01
9,5,8.4968E-07,4.0887E-01,1.0350E+00,5.4004E-01
9,6,8.8005E-07,4.7986E-01,7.2932E-01,5.4004E-01
9,7,6.5543E-07,7.3259E-01,4.8658E-01,5.4004E-01
9,8,3.7716E-07,7.6046E-01,3.3726E-01,5.4004E-01
9,9,2.1713E-07,4.9458E-01,2.8112E-01,5.4004E-01
9,10,1.8925E-07,3.5633E-01,2.9872E-01,5.4004E-01
9,11,1.9474E-07,2.8825E-01,3.5274E-01,5.4004E-01
9,12,1.7316E-07,2.2352E-01,4.1283E-01,5.4004E-01
9,13,1.3299E-07,1.8055E-01,4.6498E-01,5.4004E-01
9,14,9.4765E-08,1.2567E-01,5.0355E-01,5.4004E-01
9,15,6.7455E-08,7.5443E-02,5.2491E-01,5.4004E-01
9,16,5.2274E-08,6.2393E-02,5.2689E-01,5.4004E-01
9,17,4.4868E-08,6.3659E-02,5.1103E-01,5.4004E-01
9,18,3.9493E-08,5.3244E-02,4.8337E-01,5.4004E-01
9,19,3.2894E-08,4.0715E-02,4.5282E-01,5.4004E-01
9,20,2.5072E-08,3.3998E-02,4.2772E-01,5.4004E-01
9,21,1.8441E-08,2.7460E-02,4.1285E-01,5.4004E-01
9,22,1.4578E-08,2.1899E-02,4.0834E-01,5.4004E-01
9,23,1.2344E-08,1.8776E-02,4.1078E-01,5.4004E-01
9,24,1.0280E-08,1.5123E-02,4.1564E-01,5.4004E-01
9,25,8.3497E-09,1.1473E-02,4.1953E-01,5.4004E-01
9,26,6.7821E-09,9.3360E-03,4.2106E-01,5.4004E-01
9,27,5.4530E-09,7.7389E-03,4.2029E-01,5.4004E-01
9,28,4.3569E-09,6.3754E-03,4.1780E-01,5.4004E-01
9,29,3.5435E-09,5.5473E-03,4.1408E-01,5.4004E-01
9,30,2.9331E-09,4.6238E-03,4.0946E-01,5.4004E-01
9,31,2.4665E-09,3.5211E-03,4.0440E-01,5.4004E-01
9,32,2.1048E-09,2.8449E-03,3.9954E-01,5.4004E-01
9,33,1.7832E-09,2.5196E-03,3.9557E-01,5.4004E-01
9,34,1.4960E-09,2.2192E-03,3.9290E-01,5.4004E-01
9,35,1.2714E-09,1.9847E-03,3.9142E-01,5.4004E-01
9,36,1.1010E-09,1.7776E-03,3.9065E-01,5.4004E-01
9,37,9.7434E-10,1.5037E-03,3.8994E-01,5.4004E-01
9,38,8.8625E-10,1.2698E-03,3.8891E-01,5.4004E-01
9,39,8.0701E-10,1.1328E-03,3.8744E-01,5.4004E-01
9,40,7.1943E-10,1.0295E-03,3.8567E-01,5.4004E-01
9,41,6.4171E-10,9.5646E-04,3.8381E-01,5.4004E-01
9,42,5.8634E-10,9.1293E-04,3.8197E-01,5.4004E-01
9,43,5.4621E-10,8.4837E-04,3.8017E-01,5.4004E-01
9,44,5.1548E-10,7.6620E-04,3.7842E-01,5.4004E-01
9,45,4.8977E-10,7.0720E-04,3.7673E-01,5.4004E-01
9,46,4.6255E-10,6.7163E-04,3.7515E-01,5.4004E-01
9,47,4.3424E-10,6.4731E-04,3.7371E-01,5.4004E-01
9,48,4.1018E-10,6.3232E-04,3.7241E-01,5.4004E-01
9,49,3.9159E-10,6.1351E-04,3.7118E-01,5.4004E-01
9,50,3.7701E-10,5.8238E-04,3.6996E-01,5.4004E-01
10,1,2.9781E-06,1.6481E+00,1.0568E+00,5.4004E-01
10,2,9.7372E-07,3.1552E-01,1.4443E+00,5.4004E-01
10,3,2.2943E-07,2.0923E-01,1.5198E+00,5.4004E-01
10,4,4.4798E-07,3.8366E-01,1.3543E+00,5.4004E-01
10,5,7.5548E-07,3.9830E-01,1.0623E+00,5.4004E-01
10,6,7.8251E-07,4.6262E-01,7.5638E-01,5.4004E-01
10,7,5.8278E-07,6.9424E-01,5.1339E-01,5.4004E-01
10,8,3.3534E-07,7.0423E-01,3.6415E-01,5.4004E-01
10,9,1.9305E-07,4.5087E-01,3.0835E-01,5.4004E-01
10,10,1.6826E-07,3.2675E-01,3.2574E-01,5.4004E-01
10,11,1.7316E-07,2.6791E-01,3.7950E-01,5.4004E-01
10,12,1.5398E-07,2.0987E-01,4.3965E-01,5.4004E-01
10,13,1.1826E-07,1.7065E-01,4.9196E-01,5.4004E-01
10,14,8.4269E-08,1.1927E-01,5.3061E-01,5.4004E-01
10,15,5.9985E-08,7.1764E-02,5.5196E-01,5.4004E-01
10,16,4.6488E-08,5.9371E-02,5.5389E-01,5.4004E-01
10,17,3.9906E-08,6.0486E-02,5.3796E-01,5.4004E-01
10,18,3.5130E-08,5.0447E-02,5.1027E-01,5.4004E-01
10,19,2.9263E-08,3.8443E-02,4.7969E-01,5.4004E-01
10,20,2.2308E-08,3.2001E-02,4.5458E-01,5.4004E-01
10,21,1.6410E-08,2.5802E-02,4.3970E-01,5.4004E-01
10,22,1.2975E-08,2.0573E-02,4.3518E-01,5.4004E-01
10,23,1.0989E-08,1.7649E-02,4.3760E-01,5.4004E-01
10,24,9.1548E-09,1.4228E-02,4.4243E-01,5.4004E-01
10,25,7.4389E-09,1.0803E-02,4.4630E-01,5.4004E-01
10,26,6.0450E-09,8.7961E-03,4.4779E-01,5.4004E-01
10,27,4.8625E-09,7.2969E-03,4.4699E-01,5.4004E-01
10,28,3.8871E-09,6.0164E-03,4.4447E-01,5.4004E-01
10,29,3.1635E-09,5.2367E-03,4.4072E-01,5.4004E-01
10,30,2.6211E-09,4.3651E-03,4.3608E-01,5.4004E-01
10,31,2.2068E-09,3.3250E-03,4.3098E-01,5.4004E-01
10,32,1.8855E-09,2.6870E-03,4.2609E-01,5.4004E-01
10,33,1.5995E-09,2.3809E-03,4.2210E-01,5.4004E-01
10,34,1.3437E-09,2.1003E-03,4.1940E-01,5.4004E-01
10,35,1.1435E-09,1.8817E-03,4.1790E-01,5.4004E-01
10,36,9.9188E-10,1.6877E-03,4.1709E-01,5.4004E-01
10,37,8.7941E-10,1.4301E-03,4.1636E-01,5.4004E-01
10,38,8.0128E-10,1.2097E-03,4.1529E-01,5.4004E-01
10,39,7.3086E-10,1.0806E-03,4.1379E-01,5.4004E-01
10,40,6.5283E-10,9.8392E-04,4.1200E-01,5.4004E-01
10,41,5.8346E-10,9.1607E-04,4.1011E-01,5.4004E-01
10,42,5.3402E-10,8.7559E-04,4.0824E-01,5.4004E-01
10,43,4.9828E-10,8.1489E-04,4.0642E-01,5.4004E-01
10,44,4.7098E-10,7.3734E-04,4.0464E-01,5.4004E-01
10,45,4.4813E-10,6.8155E-04,4.0292E-01,5.4004E-01
10,46,4.2386E-10,6.4807E-04,4.0131E-01,5.4004E-01
10,47,3.9854E-10,6.2544E-04,3.9985E-01,5.4004E-01
10,48,3.7700E-10,6.1159E-04,3.9852E-01,5.4004E-01
10,49,3.6037E-10,5.9394E-04,3.9726E-01,5.4004E-01
10,50,3.4737E-10,5.6453E-04,3.9601E-01,5.4004E-01
